0 info it worked if it ends with ok
1 verbose cli [ '/home/mama/.nvm/versions/node/v6.2.0/bin/node',
1 verbose cli   '/home/mama/.nvm/versions/node/v6.2.0/bin/npm',
1 verbose cli   'publish' ]
2 info using npm@3.8.9
3 info using node@v6.2.0
4 verbose publish [ '.' ]
5 silly cache add args [ '.', null ]
6 verbose cache add spec .
7 silly cache add parsed spec Result {
7 silly cache add   raw: '.',
7 silly cache add   scope: null,
7 silly cache add   name: null,
7 silly cache add   rawSpec: '.',
7 silly cache add   spec: '/home/mama/projects/umbrella',
7 silly cache add   type: 'directory' }
8 verbose addLocalDirectory /home/mama/.npm/umbrellajs/2.6.3/package.tgz not in flight; packing
9 verbose correctMkdir /home/mama/.npm correctMkdir not in flight; initializing
10 info lifecycle umbrellajs@2.6.3~prepublish: umbrellajs@2.6.3
11 silly lifecycle umbrellajs@2.6.3~prepublish: no script for prepublish, continuing
12 verbose tar pack [ '/home/mama/.npm/umbrellajs/2.6.3/package.tgz',
12 verbose tar pack   '/home/mama/projects/umbrella' ]
13 verbose tarball /home/mama/.npm/umbrellajs/2.6.3/package.tgz
14 verbose folder /home/mama/projects/umbrella
15 verbose addLocalTarball adding from inside cache /home/mama/.npm/umbrellajs/2.6.3/package.tgz
16 verbose correctMkdir /home/mama/.npm correctMkdir not in flight; initializing
17 silly cache afterAdd umbrellajs@2.6.3
18 verbose afterAdd /home/mama/.npm/umbrellajs/2.6.3/package/package.json not in flight; writing
19 verbose correctMkdir /home/mama/.npm correctMkdir not in flight; initializing
20 verbose afterAdd /home/mama/.npm/umbrellajs/2.6.3/package/package.json written
21 silly publish { name: 'umbrellajs',
21 silly publish   version: '2.6.3',
21 silly publish   homepage: 'http://umbrellajs.com/',
21 silly publish   authors: [ 'Francisco Presencia <developerfrancisco@hotmail.com>' ],
21 silly publish   description: 'Lightweight and intuitive javascript library',
21 silly publish   main: 'umbrella.min.js',
21 silly publish   keywords:
21 silly publish    [ 'umbrella',
21 silly publish      'js',
21 silly publish      'selector',
21 silly publish      'ajax',
21 silly publish      'small',
21 silly publish      'tiny',
21 silly publish      'jquery',
21 silly publish      'alternative' ],
21 silly publish   license: 'MIT',
21 silly publish   bugs: { url: 'https://github.com/umbrellajs/umbrella/issues' },
21 silly publish   scripts:
21 silly publish    { test: 'grunt test',
21 silly publish      installphantom: 'npm run phantomlib && npm run phantominst && npm run phantommove',
21 silly publish      phantomlib: 'sudo apt-get update && sudo apt-get install build-essential chrpath libssl-dev libxft-dev libfreetype6 libfreetype6-dev libfontconfig1 libfontconfig1-dev',
21 silly publish      phantominst: 'cd ~ && export PHANTOM_JS="phantomjs-1.9.7-linux-x86_64" && wget https://bitbucket.org/ariya/phantomjs/downloads/$PHANTOM_JS.tar.bz2 && sudo tar xvjf $PHANTOM_JS.tar.bz2',
21 silly publish      phantommove: 'sudo mv $PHANTOM_JS /usr/local/share && sudo ln -sf /usr/local/share/$PHANTOM_JS/bin/phantomjs /usr/local/bin' },
21 silly publish   repository:
21 silly publish    { type: 'git',
21 silly publish      url: 'git+https://github.com/umbrellajs/umbrella.git' },
21 silly publish   devDependencies:
21 silly publish    { 'body-parser': '^1.15.1',
21 silly publish      express: '^4.13.4',
21 silly publish      grunt: '^0.4.5',
21 silly publish      'grunt-bytesize': '^0.1.1',
21 silly publish      'grunt-contrib-concat': '^0.5.1',
21 silly publish      'grunt-contrib-jade': '^0.15.0',
21 silly publish      'grunt-contrib-jshint': '^1.0.0',
21 silly publish      'grunt-contrib-uglify': '^0.11.0',
21 silly publish      'grunt-contrib-watch': '^0.6.1',
21 silly publish      'grunt-markdown': '^0.7.0',
21 silly publish      'grunt-mocha-phantomjs': '^2.0.1',
21 silly publish      'grunt-semistandard': '^1.0.6',
21 silly publish      marked: '^0.3.5',
21 silly publish      'mocha-phantomjs': '^4.0.2',
21 silly publish      phantomjs: '^1.9.8' },
21 silly publish   semistandard:
21 silly publish    { ignore:
21 silly publish       [ 'umbrella.js',
21 silly publish         'polyfill.js',
21 silly publish         '**/test.js',
21 silly publish         '**/jquery.js',
21 silly publish         '**/chai.js',
21 silly publish         '**/sinon.js',
21 silly publish         '**/mocha.js',
21 silly publish         '**/*.min.js' ],
21 silly publish      globals: [ 'u', 'ajax', 'parseJson' ] },
21 silly publish   readme: '# Umbrella JS [![Circle CI](https://circleci.com/gh/umbrellajs/umbrella/tree/master.svg?style=shield)](https://circleci.com/gh/umbrellajs/umbrella/tree/master) [![js-semistandard-style](https://img.shields.io/badge/code%20style-semistandard-brightgreen.svg)](https://github.com/Flet/semistandard) [![License MIT](https://img.shields.io/badge/license-MIT-blue.svg)](https://github.com/umbrellajs/umbrella/blob/master/LICENSE)\n\n> [**Library Documentation**](http://umbrellajs.com/documentation)\n\nCovers your javascript needs for those rainy days. A <3kb performant jquery-like library born from the question: [You might not need jquery](http://youmightnotneedjquery.com/), then what do you need?\n\nYou probably need awesome CSS (like [Picnic CSS](http://picnicss.com/)) and a lightweight, modern and performant javascript library. This does:\n\n- DOM tranversal (selector, filter, find, each, etc)\n- DOM editing (classes & attributes, html, before, etc)\n- Event handling\n- Ajax\n\nA simple example:\n\n```js\n// Simple events like jquery\nu("button").on(\'click\', function(){\n  alert("Hello world");\n});\n\n// Send form through ajax when submitted\nu(\'form.login\').ajax(function(err, res){\n  window.href = \'/user/\' + res.id;\n});\n```\n\n\n## Getting started\n\nThere are few ways to use Umbrella JS:\n\n\n### Play with it\n\nInstead of installing it, you can just play with it in JSFiddle:\n\n[**Try on JSFiddle**](https://jsfiddle.net/franciscop/mwpcqddj/)\n\n\n### Use a CDN\n\nJSDelivr is an awesome service that hosts many open source projects so you don\'t need to even download the code:\n\n[**JSDelivr CDN**](http://www.jsdelivr.com/projects/umbrella)\n\n\n### Use bower\n\nBower is a front-end package manager that makes it super-easy to add a new package:\n\n```\nbower install umbrella\n```\n\n### Module support\n\nIf you use a front-end module bundler like Webpack or Browserify, `u` and `ajax` are exposed as CommonJS exports. You can pull them in like so:\n\n```\nvar u = require(\'path/to/umbrella\').u;\n// or ES-style modules\nimport { u } from \'path/to/umbrella\';\n```\n\n### Download it\n\nIf you like it or prefer to try it locally, just download `umbrella.min.js`:\n\n[**Download Umbrella JS**](https://raw.githubusercontent.com/umbrellajs/umbrella/master/umbrella.min.js)\n\nAdd it to your project:\n\n```html\n<script src="umbrella.min.js"></script>\n```\n\n\n## Up for grabs\n\nFor beginners in Javascript or contributing to an Open Source project, there are few issues that are made on purpose so you can help out. Check them out:\n\n> [**Up For Grabs issues**](https://github.com/umbrellajs/umbrella/labels/up-for-grabs)\n\n\n\n## Support: IE11+\n\nCurrent usage for IE 10- is under 1% for each version (8, 9, 10) so it\'s not Umbrella\'s mission to support this. However, those extra seconds gained from loading faster on mobile might be even bigger than that percentage. You should probably test it.\n\nKnown, wontfix IE10- bugs:\n\n- [Invalid target element for this operation](http://caniuse.com/#feat=insertadjacenthtml) when trying to use any of these methods on **table**, **tbody**, **thead** or **tr**. Check [the issue on StackOverflow](http://stackoverflow.com/q/8771498/938236). For those elements, this gives an error:\n  - `.before()`\n  - `.after()`\n  - `.append()`\n  - `.prepend()`\n\n\n- [Unable to get property ____ of undefined or null reference](http://caniuse.com/#search=classList) since classList is not supported by IE9-. Just use `polyfill.js` and they will work. Affects:\n  - `.addClass()`\n  - `.removeClass()`\n  - `.hasClass()`\n  - `.toggleClass()`\n\n- Choosing multiple options within `<select>` doesn\'t work with IE10- when using `.serialize()` (and thus `.ajax()`). No idea why, but it\'s a really corner case. Affects:\n  - `.ajax()`\n  - `.serialize()`\n\n\n\n## Alternatives\n\n- [jQuery](https://jquery.com/)\n\n- [Zepto](http://zeptojs.com/)\n\n- [Bliss](http://blissfuljs.com/)\n\n- [NodeList](https://github.com/eorroe/NodeList.js)\n\n- [Micro Framework (many)](http://microjs.com/)\n\n\n## Author and License\n\nCreated and maintained by [Francisco Presencia](https://github.com/franciscop) under the MIT license.\n',
21 silly publish   readmeFilename: 'README.md',
21 silly publish   gitHead: 'd5fee761e08578fac3f70b242cab8b932870398b',
21 silly publish   _id: 'umbrellajs@2.6.3',
21 silly publish   _shasum: 'b85d1fc106a9ee7555c4cb5e39c93f51c7891441',
21 silly publish   _from: '.' }
22 verbose getPublishConfig undefined
23 silly mapToRegistry name umbrellajs
24 silly mapToRegistry using default registry
25 silly mapToRegistry registry https://registry.npmjs.org/
26 silly mapToRegistry data Result {
26 silly mapToRegistry   raw: 'umbrellajs',
26 silly mapToRegistry   scope: null,
26 silly mapToRegistry   name: 'umbrellajs',
26 silly mapToRegistry   rawSpec: '',
26 silly mapToRegistry   spec: 'latest',
26 silly mapToRegistry   type: 'tag' }
27 silly mapToRegistry uri https://registry.npmjs.org/umbrellajs
28 verbose publish registryBase https://registry.npmjs.org/
29 silly publish uploading /home/mama/.npm/umbrellajs/2.6.3/package.tgz
30 verbose request uri https://registry.npmjs.org/umbrellajs
31 verbose request sending authorization for write operation
32 info attempt registry request try #1 at 1:38:20 AM
33 verbose request using bearer token for auth
34 verbose request id 8f94a57f9bd2fd0e
35 http request PUT https://registry.npmjs.org/umbrellajs
36 http 403 https://registry.npmjs.org/umbrellajs
37 verbose headers { 'content-type': 'application/json',
37 verbose headers   'cache-control': 'max-age=300',
37 verbose headers   'content-length': '95',
37 verbose headers   'accept-ranges': 'bytes',
37 verbose headers   date: 'Fri, 17 Jun 2016 23:38:22 GMT',
37 verbose headers   via: '1.1 varnish',
37 verbose headers   connection: 'keep-alive',
37 verbose headers   'x-served-by': 'cache-fra1247-FRA',
37 verbose headers   'x-cache': 'MISS',
37 verbose headers   'x-cache-hits': '0',
37 verbose headers   'x-timer': 'S1466206700.920699,VS0,VE1957',
37 verbose headers   vary: 'Accept-Encoding' }
38 verbose request invalidating /home/mama/.npm/registry.npmjs.org/umbrellajs on PUT
39 error publish Failed PUT 403
40 verbose stack Error: "You cannot publish over the previously published version 2.6.3." : umbrellajs
40 verbose stack     at makeError (/home/mama/.nvm/versions/node/v6.2.0/lib/node_modules/npm/node_modules/npm-registry-client/lib/request.js:264:12)
40 verbose stack     at CachingRegistryClient.<anonymous> (/home/mama/.nvm/versions/node/v6.2.0/lib/node_modules/npm/node_modules/npm-registry-client/lib/request.js:252:14)
40 verbose stack     at Request._callback (/home/mama/.nvm/versions/node/v6.2.0/lib/node_modules/npm/node_modules/npm-registry-client/lib/request.js:172:14)
40 verbose stack     at Request.self.callback (/home/mama/.nvm/versions/node/v6.2.0/lib/node_modules/npm/node_modules/request/request.js:200:22)
40 verbose stack     at emitTwo (events.js:106:13)
40 verbose stack     at Request.emit (events.js:191:7)
40 verbose stack     at Request.<anonymous> (/home/mama/.nvm/versions/node/v6.2.0/lib/node_modules/npm/node_modules/request/request.js:1067:10)
40 verbose stack     at emitOne (events.js:101:20)
40 verbose stack     at Request.emit (events.js:188:7)
40 verbose stack     at IncomingMessage.<anonymous> (/home/mama/.nvm/versions/node/v6.2.0/lib/node_modules/npm/node_modules/request/request.js:988:12)
41 verbose statusCode 403
42 verbose pkgid umbrellajs
43 verbose cwd /home/mama/projects/umbrella
44 error Linux 4.4.0-24-generic
45 error argv "/home/mama/.nvm/versions/node/v6.2.0/bin/node" "/home/mama/.nvm/versions/node/v6.2.0/bin/npm" "publish"
46 error node v6.2.0
47 error npm  v3.8.9
48 error code E403
49 error "You cannot publish over the previously published version 2.6.3." : umbrellajs
50 error If you need help, you may report this error at:
50 error     <https://github.com/npm/npm/issues>
51 verbose exit [ 1, true ]
